<?xml version="1.0" encoding="UTF-8"?>
<testsuite name="TestRunner.SaleTestRunner" tests="5" skipped="0" failures="0" errors="0" timestamp="2022-01-31T13:44:50" hostname="DESKTOP-285ADBM" time="50.033">
  <properties/>
  <testcase name="doClickSaleTab" classname="TestRunner.SaleTestRunner" time="5.075"/>
  <testcase name="GetCurrentUrL" classname="TestRunner.SaleTestRunner" time="0.158"/>
  <testcase name="Tittle" classname="TestRunner.SaleTestRunner" time="0.17"/>
  <testcase name="AddCartSaleInvalidCoupon" classname="TestRunner.SaleTestRunner" time="19.682"/>
  <testcase name="AddCartSaleCheckoutBlankPlaceOrder" classname="TestRunner.SaleTestRunner" time="24.924"/>
  <system-out><![CDATA[https://envothemes.com/envo-ecommerce/sale/
Sale – Envo eCommerce
Coupon "101" does not exist!
Invalid payment method.
]]></system-out>
  <system-err><![CDATA[JavaScript error: resource://gre/modules/XULStore.jsm, line 66: Error: Can't find profile directory.
JavaScript error: resource://gre/modules/XULStore.jsm, line 66: Error: Can't find profile directory.
console.warn: LoginRecipes: "getRecipes: falling back to a synchronous message for:" "https://envothemes.com"
console.warn: LoginRecipes: "getRecipes: falling back to a synchronous message for:" "https://envothemes.com"
console.warn: LoginRecipes: "getRecipes: falling back to a synchronous message for:" "https://envothemes.com"
console.warn: LoginRecipes: "getRecipes: falling back to a synchronous message for:" "https://envothemes.com"
]]></system-err>
</testsuite>
